-------------------------------------------------------------------------------
Test set: com.educompus.service.VideoExplicatifServiceTest
-------------------------------------------------------------------------------
Tests run: 1, Failures: 0, Errors: 1, Skipped: 0, Time elapsed: 0.074 s <<< FAILURE! -- in com.educompus.service.VideoExplicatifServiceTest
com.educompus.service.VideoExplicatifServiceTest -- Time elapsed: 0.074 s <<< ERROR!
java.lang.IllegalStateException: Impossible d'ajouter le chapitre: Champ 'niveau' inconnu dans field list
	at com.educompus.repository.CourseManagementRepository.createChapitre(CourseManagementRepository.java:313)
	at com.educompus.service.ChapitreService.creer(ChapitreService.java:37)
	at com.educompus.service.VideoExplicatifServiceTest.setUp(VideoExplicatifServiceTest.java:57)
	at java.base/java.lang.reflect.Method.invoke(Method.java:569)
	at java.base/java.util.ArrayList.forEach(ArrayList.java:1511)
Caused by: java.sql.SQLSyntaxErrorException: Champ 'niveau' inconnu dans field list
	at com.mysql.cj.jdbc.exceptions.SQLError.createSQLException(SQLError.java:112)
	at com.mysql.cj.jdbc.exceptions.SQLExceptionsMapping.translateException(SQLExceptionsMapping.java:113)
	at com.mysql.cj.jdbc.ClientPreparedStatement.executeInternal(ClientPreparedStatement.java:938)
	at com.mysql.cj.jdbc.ClientPreparedStatement.executeUpdateInternal(ClientPreparedStatement.java:1106)
	at com.mysql.cj.jdbc.ClientPreparedStatement.executeUpdateInternal(ClientPreparedStatement.java:1045)
	at com.mysql.cj.jdbc.ClientPreparedStatement.executeLargeUpdate(ClientPreparedStatement.java:1369)
	at com.mysql.cj.jdbc.ClientPreparedStatement.executeUpdate(ClientPreparedStatement.java:1030)
	at com.educompus.repository.CourseManagementRepository.createChapitre(CourseManagementRepository.java:306)
	... 4 more

