-------------------------------------------------------------------------------
Test set: com.educompus.service.ChapitreServiceTest
-------------------------------------------------------------------------------
Tests run: 5, Failures: 0, Errors: 5, Skipped: 0, Time elapsed: 0.321 s <<< FAILURE! -- in com.educompus.service.ChapitreServiceTest
com.educompus.service.ChapitreServiceTest.testAjouterChapitre -- Time elapsed: 0.029 s <<< ERROR!
java.lang.IllegalStateException: Impossible d'ajouter le chapitre: Champ 'niveau' inconnu dans field list
	at com.educompus.repository.CourseManagementRepository.createChapitre(CourseManagementRepository.java:313)
	at com.educompus.service.ChapitreService.creer(ChapitreService.java:37)
	at com.educompus.service.ChapitreServiceTest.testAjouterChapitre(ChapitreServiceTest.java:70)
	at java.base/java.lang.reflect.Method.invoke(Method.java:569)
	at java.base/java.util.ArrayList.forEach(ArrayList.java:1511)
	at java.base/java.util.ArrayList.forEach(ArrayList.java:1511)
	Suppressed: java.lang.IllegalStateException: Impossible de charger les chapitres: Champ 'ch.niveau' inconnu dans field list
		at com.educompus.repository.CourseManagementRepository.listChapitres(CourseManagementRepository.java:89)
		at com.educompus.service.ChapitreService.listerTous(ChapitreService.java:21)
		at com.educompus.service.ChapitreServiceTest.afficherEtat(ChapitreServiceTest.java:50)
		... 3 more
	Caused by: java.sql.SQLSyntaxErrorException: Champ 'ch.niveau' inconnu dans field list
		at com.mysql.cj.jdbc.exceptions.SQLError.createSQLException(SQLError.java:112)
		at com.mysql.cj.jdbc.exceptions.SQLExceptionsMapping.translateException(SQLExceptionsMapping.java:113)
		at com.mysql.cj.jdbc.ClientPreparedStatement.executeInternal(ClientPreparedStatement.java:938)
		at com.mysql.cj.jdbc.ClientPreparedStatement.executeQuery(ClientPreparedStatement.java:1004)
		at com.educompus.repository.CourseManagementRepository.listChapitres(CourseManagementRepository.java:81)
		... 5 more
Caused by: java.sql.SQLSyntaxErrorException: Champ 'niveau' inconnu dans field list
	at com.mysql.cj.jdbc.exceptions.SQLError.createSQLException(SQLError.java:112)
	at com.mysql.cj.jdbc.exceptions.SQLExceptionsMapping.translateException(SQLExceptionsMapping.java:113)
	at com.mysql.cj.jdbc.ClientPreparedStatement.executeInternal(ClientPreparedStatement.java:938)
	at com.mysql.cj.jdbc.ClientPreparedStatement.executeUpdateInternal(ClientPreparedStatement.java:1106)
	at com.mysql.cj.jdbc.ClientPreparedStatement.executeUpdateInternal(ClientPreparedStatement.java:1045)
	at com.mysql.cj.jdbc.ClientPreparedStatement.executeLargeUpdate(ClientPreparedStatement.java:1369)
	at com.mysql.cj.jdbc.ClientPreparedStatement.executeUpdate(ClientPreparedStatement.java:1030)
	at com.educompus.repository.CourseManagementRepository.createChapitre(CourseManagementRepository.java:306)
	... 5 more

com.educompus.service.ChapitreServiceTest.testAfficherChapitres -- Time elapsed: 0.016 s <<< ERROR!
java.lang.IllegalStateException: Impossible de charger les chapitres: Champ 'ch.niveau' inconnu dans field list
	at com.educompus.repository.CourseManagementRepository.listChapitres(CourseManagementRepository.java:89)
	at com.educompus.service.ChapitreService.listerTous(ChapitreService.java:21)
	at com.educompus.service.ChapitreServiceTest.testAfficherChapitres(ChapitreServiceTest.java:94)
	at java.base/java.lang.reflect.Method.invoke(Method.java:569)
	at java.base/java.util.ArrayList.forEach(ArrayList.java:1511)
	at java.base/java.util.ArrayList.forEach(ArrayList.java:1511)
	Suppressed: java.lang.IllegalStateException: Impossible de charger les chapitres: Champ 'ch.niveau' inconnu dans field list
		at com.educompus.repository.CourseManagementRepository.listChapitres(CourseManagementRepository.java:89)
		at com.educompus.service.ChapitreService.listerTous(ChapitreService.java:21)
		at com.educompus.service.ChapitreServiceTest.afficherEtat(ChapitreServiceTest.java:50)
		... 3 more
	Caused by: java.sql.SQLSyntaxErrorException: Champ 'ch.niveau' inconnu dans field list
		at com.mysql.cj.jdbc.exceptions.SQLError.createSQLException(SQLError.java:112)
		at com.mysql.cj.jdbc.exceptions.SQLExceptionsMapping.translateException(SQLExceptionsMapping.java:113)
		at com.mysql.cj.jdbc.ClientPreparedStatement.executeInternal(ClientPreparedStatement.java:938)
		at com.mysql.cj.jdbc.ClientPreparedStatement.executeQuery(ClientPreparedStatement.java:1004)
		at com.educompus.repository.CourseManagementRepository.listChapitres(CourseManagementRepository.java:81)
		... 5 more
Caused by: java.sql.SQLSyntaxErrorException: Champ 'ch.niveau' inconnu dans field list
	at com.mysql.cj.jdbc.exceptions.SQLError.createSQLException(SQLError.java:112)
	at com.mysql.cj.jdbc.exceptions.SQLExceptionsMapping.translateException(SQLExceptionsMapping.java:113)
	at com.mysql.cj.jdbc.ClientPreparedStatement.executeInternal(ClientPreparedStatement.java:938)
	at com.mysql.cj.jdbc.ClientPreparedStatement.executeQuery(ClientPreparedStatement.java:1004)
	at com.educompus.repository.CourseManagementRepository.listChapitres(CourseManagementRepository.java:81)
	... 5 more

com.educompus.service.ChapitreServiceTest.testModifierChapitre -- Time elapsed: 0.015 s <<< ERROR!
java.lang.IllegalStateException: Impossible de charger les chapitres: Champ 'ch.niveau' inconnu dans field list
	at com.educompus.repository.CourseManagementRepository.listChapitres(CourseManagementRepository.java:89)
	at com.educompus.service.ChapitreService.listerTous(ChapitreService.java:21)
	at com.educompus.service.ChapitreServiceTest.testModifierChapitre(ChapitreServiceTest.java:105)
	at java.base/java.lang.reflect.Method.invoke(Method.java:569)
	at java.base/java.util.ArrayList.forEach(ArrayList.java:1511)
	at java.base/java.util.ArrayList.forEach(ArrayList.java:1511)
	Suppressed: java.lang.IllegalStateException: Impossible de charger les chapitres: Champ 'ch.niveau' inconnu dans field list
		at com.educompus.repository.CourseManagementRepository.listChapitres(CourseManagementRepository.java:89)
		at com.educompus.service.ChapitreService.listerTous(ChapitreService.java:21)
		at com.educompus.service.ChapitreServiceTest.afficherEtat(ChapitreServiceTest.java:50)
		... 3 more
	Caused by: java.sql.SQLSyntaxErrorException: Champ 'ch.niveau' inconnu dans field list
		at com.mysql.cj.jdbc.exceptions.SQLError.createSQLException(SQLError.java:112)
		at com.mysql.cj.jdbc.exceptions.SQLExceptionsMapping.translateException(SQLExceptionsMapping.java:113)
		at com.mysql.cj.jdbc.ClientPreparedStatement.executeInternal(ClientPreparedStatement.java:938)
		at com.mysql.cj.jdbc.ClientPreparedStatement.executeQuery(ClientPreparedStatement.java:1004)
		at com.educompus.repository.CourseManagementRepository.listChapitres(CourseManagementRepository.java:81)
		... 5 more
Caused by: java.sql.SQLSyntaxErrorException: Champ 'ch.niveau' inconnu dans field list
	at com.mysql.cj.jdbc.exceptions.SQLError.createSQLException(SQLError.java:112)
	at com.mysql.cj.jdbc.exceptions.SQLExceptionsMapping.translateException(SQLExceptionsMapping.java:113)
	at com.mysql.cj.jdbc.ClientPreparedStatement.executeInternal(ClientPreparedStatement.java:938)
	at com.mysql.cj.jdbc.ClientPreparedStatement.executeQuery(ClientPreparedStatement.java:1004)
	at com.educompus.repository.CourseManagementRepository.listChapitres(CourseManagementRepository.java:81)
	... 5 more

com.educompus.service.ChapitreServiceTest.testSupprimerChapitre -- Time elapsed: 0.015 s <<< ERROR!
java.lang.IllegalStateException: Impossible de charger les chapitres: Champ 'ch.niveau' inconnu dans field list
	at com.educompus.repository.CourseManagementRepository.listChapitres(CourseManagementRepository.java:89)
	at com.educompus.service.ChapitreService.listerTous(ChapitreService.java:21)
	at com.educompus.service.ChapitreServiceTest.testSupprimerChapitre(ChapitreServiceTest.java:129)
	at java.base/java.lang.reflect.Method.invoke(Method.java:569)
	at java.base/java.util.ArrayList.forEach(ArrayList.java:1511)
	at java.base/java.util.ArrayList.forEach(ArrayList.java:1511)
	Suppressed: java.lang.IllegalStateException: Impossible de charger les chapitres: Champ 'ch.niveau' inconnu dans field list
		at com.educompus.repository.CourseManagementRepository.listChapitres(CourseManagementRepository.java:89)
		at com.educompus.service.ChapitreService.listerTous(ChapitreService.java:21)
		at com.educompus.service.ChapitreServiceTest.afficherEtat(ChapitreServiceTest.java:50)
		... 3 more
	Caused by: java.sql.SQLSyntaxErrorException: Champ 'ch.niveau' inconnu dans field list
		at com.mysql.cj.jdbc.exceptions.SQLError.createSQLException(SQLError.java:112)
		at com.mysql.cj.jdbc.exceptions.SQLExceptionsMapping.translateException(SQLExceptionsMapping.java:113)
		at com.mysql.cj.jdbc.ClientPreparedStatement.executeInternal(ClientPreparedStatement.java:938)
		at com.mysql.cj.jdbc.ClientPreparedStatement.executeQuery(ClientPreparedStatement.java:1004)
		at com.educompus.repository.CourseManagementRepository.listChapitres(CourseManagementRepository.java:81)
		... 5 more
Caused by: java.sql.SQLSyntaxErrorException: Champ 'ch.niveau' inconnu dans field list
	at com.mysql.cj.jdbc.exceptions.SQLError.createSQLException(SQLError.java:112)
	at com.mysql.cj.jdbc.exceptions.SQLExceptionsMapping.translateException(SQLExceptionsMapping.java:113)
	at com.mysql.cj.jdbc.ClientPreparedStatement.executeInternal(ClientPreparedStatement.java:938)
	at com.mysql.cj.jdbc.ClientPreparedStatement.executeQuery(ClientPreparedStatement.java:1004)
	at com.educompus.repository.CourseManagementRepository.listChapitres(CourseManagementRepository.java:81)
	... 5 more

com.educompus.service.ChapitreServiceTest.testValidationChapitreInvalide -- Time elapsed: 0.007 s <<< ERROR!
java.lang.IllegalStateException: Impossible de charger les chapitres: Champ 'ch.niveau' inconnu dans field list
	at com.educompus.repository.CourseManagementRepository.listChapitres(CourseManagementRepository.java:89)
	at com.educompus.service.ChapitreService.listerTous(ChapitreService.java:21)
	at com.educompus.service.ChapitreServiceTest.afficherEtat(ChapitreServiceTest.java:50)
	at java.base/java.lang.reflect.Method.invoke(Method.java:569)
	at java.base/java.util.ArrayList.forEach(ArrayList.java:1511)
	at java.base/java.util.ArrayList.forEach(ArrayList.java:1511)
Caused by: java.sql.SQLSyntaxErrorException: Champ 'ch.niveau' inconnu dans field list
	at com.mysql.cj.jdbc.exceptions.SQLError.createSQLException(SQLError.java:112)
	at com.mysql.cj.jdbc.exceptions.SQLExceptionsMapping.translateException(SQLExceptionsMapping.java:113)
	at com.mysql.cj.jdbc.ClientPreparedStatement.executeInternal(ClientPreparedStatement.java:938)
	at com.mysql.cj.jdbc.ClientPreparedStatement.executeQuery(ClientPreparedStatement.java:1004)
	at com.educompus.repository.CourseManagementRepository.listChapitres(CourseManagementRepository.java:81)
	... 5 more

