<?xml version="1.0" encoding="UTF-8"?>
<testsuite xmlns:xsi="http://www.w3.org/2001/XMLSchema-instance" xsi:noNamespaceSchemaLocation="https://maven.apache.org/surefire/maven-surefire-plugin/xsd/surefire-test-report-3.0.xsd" version="3.0" name="com.educompus.repository.ProjectSubmissionRepositoryTest" time="0.047" tests="6" errors="0" skipped="0" failures="0">
  <properties>
[...]
</properties>
  <testcase name="listMineReturnsEmptyWhenNoIdentityProvided" classname="com.educompus.repository.ProjectSubmissionRepositoryTest" time="0.016"/>
  <testcase name="updateMineRejectsMissingId" classname="com.educompus.repository.ProjectSubmissionRepositoryTest" time="0.003"/>
  <testcase name="hasSubmissionMineReturnsFalseForInvalidProjectId" classname="com.educompus.repository.ProjectSubmissionRepositoryTest" time="0.001"/>
  <testcase name="deleteMineRejectsMissingIdentifiers" classname="com.educompus.repository.ProjectSubmissionRepositoryTest" time="0.001"/>
  <testcase name="createRejectsNullSubmission" classname="com.educompus.repository.ProjectSubmissionRepositoryTest" time="0.0"/>
  <testcase name="updateMineRejectsMissingStudentId" classname="com.educompus.repository.ProjectSubmissionRepositoryTest" time="0.001"/>
</testsuite>