<?xml version="1.0" encoding="UTF-8"?>
<testsuite xmlns:xsi="http://www.w3.org/2001/XMLSchema-instance" xsi:noNamespaceSchemaLocation="https://maven.apache.org/surefire/maven-surefire-plugin/xsd/surefire-test-report-3.0.xsd" version="3.0" name="com.educompus.service.ServiceExamTest" time="0.079" tests="4" errors="0" skipped="0" failures="0">
  <properties>
[...]
</properties>
  <testcase name="createExam" classname="com.educompus.service.ServiceExamTest" time="0.014"/>
  <testcase name="getExamById" classname="com.educompus.service.ServiceExamTest" time="0.018"/>
  <testcase name="updateExam" classname="com.educompus.service.ServiceExamTest" time="0.028"/>
  <testcase name="deleteExam" classname="com.educompus.service.ServiceExamTest" time="0.013"/>
</testsuite>