<?xml version="1.0" encoding="UTF-8"?>
<testsuite xmlns:xsi="http://www.w3.org/2001/XMLSchema-instance" xsi:noNamespaceSchemaLocation="https://maven.apache.org/surefire/maven-surefire-plugin/xsd/surefire-test-report-3.0.xsd" version="3.0" name="com.educompus.service.ServiceProduitTest" time="0.126" tests="7" errors="0" skipped="0" failures="0">
  <properties>
[...]
</properties>
  <testcase name="testAjouterProduit" classname="com.educompus.service.ServiceProduitTest" time="0.027"/>
  <testcase name="testFindById" classname="com.educompus.service.ServiceProduitTest" time="0.01"/>
  <testcase name="testModifierProduit" classname="com.educompus.service.ServiceProduitTest" time="0.032"/>
  <testcase name="testUniciteDoublon" classname="com.educompus.service.ServiceProduitTest" time="0.011"/>
  <testcase name="testDecrementerStock" classname="com.educompus.service.ServiceProduitTest" time="0.02"/>
  <testcase name="testDecrementerStockInsuffisant" classname="com.educompus.service.ServiceProduitTest" time="0.007"/>
  <testcase name="testSupprimerProduit" classname="com.educompus.service.ServiceProduitTest" time="0.013"/>
</testsuite>